<?xml version="1.0" encoding="UTF-8"?>
<coverage generated="1773180244598" clover="3.2.0">
  <project timestamp="1773180244598" name="All files">
    <metrics statements="132" coveredstatements="132" conditionals="21" coveredconditionals="20" methods="28" coveredmethods="23" elements="181" coveredelements="175" complexity="0" loc="132" ncloc="132" packages="5" files="9" classes="9"/>
    <package name="src">
      <metrics statements="74" coveredstatements="74" conditionals="8" coveredconditionals="7" methods="15" coveredmethods="10"/>
      <file name="hapticFeedback.ts" path="/Users/michaelkuczera/projects/react-native-haptic-feedback/src/hapticFeedback.ts">
        <metrics statements="29" coveredstatements="29" conditionals="6" coveredconditionals="5" methods="8" coveredmethods="8"/>
        <line num="1" count="1" type="stmt"/>
        <line num="2" count="1" type="stmt"/>
        <line num="5" count="1" type="stmt"/>
        <line num="10" count="1" type="stmt"/>
        <line num="12" count="1" type="stmt"/>
        <line num="19" count="22" type="stmt"/>
        <line num="24" count="3" type="stmt"/>
        <line num="33" count="10" type="cond" truecount="1" falsecount="0"/>
        <line num="34" count="9" type="stmt"/>
        <line num="35" count="9" type="stmt"/>
        <line num="37" count="1" type="stmt"/>
        <line num="42" count="4" type="stmt"/>
        <line num="43" count="4" type="stmt"/>
        <line num="45" count="1" type="stmt"/>
        <line num="50" count="5" type="stmt"/>
        <line num="51" count="5" type="stmt"/>
        <line num="53" count="1" type="stmt"/>
        <line num="58" count="5" type="cond" truecount="1" falsecount="0"/>
        <line num="59" count="4" type="stmt"/>
        <line num="60" count="4" type="stmt"/>
        <line num="62" count="1" type="stmt"/>
        <line num="77" count="4" type="cond" truecount="1" falsecount="0"/>
        <line num="78" count="3" type="stmt"/>
        <line num="79" count="3" type="stmt"/>
        <line num="81" count="1" type="stmt"/>
        <line num="86" count="3" type="stmt"/>
        <line num="87" count="3" type="stmt"/>
        <line num="89" count="1" type="stmt"/>
        <line num="94" count="1" type="stmt"/>
      </file>
      <file name="index.ts" path="/Users/michaelkuczera/projects/react-native-haptic-feedback/src/index.ts">
        <metrics statements="12" coveredstatements="12" conditionals="0" coveredconditionals="0" methods="6" coveredmethods="1"/>
        <line num="1" count="1" type="stmt"/>
        <line num="2" count="1" type="stmt"/>
        <line num="4" count="10" type="stmt"/>
        <line num="5" count="1" type="stmt"/>
        <line num="7" count="1" type="stmt"/>
        <line num="8" count="1" type="stmt"/>
        <line num="9" count="1" type="stmt"/>
        <line num="11" count="1" type="stmt"/>
        <line num="12" count="1" type="stmt"/>
        <line num="14" count="1" type="stmt"/>
        <line num="16" count="1" type="stmt"/>
        <line num="17" count="1" type="stmt"/>
      </file>
      <file name="presets.ts" path="/Users/michaelkuczera/projects/react-native-haptic-feedback/src/presets.ts">
        <metrics statements="2" coveredstatements="2" conditionals="0" coveredconditionals="0" methods="0" coveredmethods="0"/>
        <line num="1" count="1" type="stmt"/>
        <line num="17" count="1" type="stmt"/>
      </file>
      <file name="types.ts" path="/Users/michaelkuczera/projects/react-native-haptic-feedback/src/types.ts">
        <metrics statements="31" coveredstatements="31" conditionals="2" coveredconditionals="2" methods="1" coveredmethods="1"/>
        <line num="1" count="2" type="cond" truecount="2" falsecount="0"/>
        <line num="2" count="2" type="stmt"/>
        <line num="3" count="2" type="stmt"/>
        <line num="4" count="2" type="stmt"/>
        <line num="5" count="2" type="stmt"/>
        <line num="6" count="2" type="stmt"/>
        <line num="7" count="2" type="stmt"/>
        <line num="8" count="2" type="stmt"/>
        <line num="9" count="2" type="stmt"/>
        <line num="10" count="2" type="stmt"/>
        <line num="11" count="2" type="stmt"/>
        <line num="12" count="2" type="stmt"/>
        <line num="13" count="2" type="stmt"/>
        <line num="14" count="2" type="stmt"/>
        <line num="15" count="2" type="stmt"/>
        <line num="16" count="2" type="stmt"/>
        <line num="17" count="2" type="stmt"/>
        <line num="18" count="2" type="stmt"/>
        <line num="19" count="2" type="stmt"/>
        <line num="20" count="2" type="stmt"/>
        <line num="21" count="2" type="stmt"/>
        <line num="22" count="2" type="stmt"/>
        <line num="23" count="2" type="stmt"/>
        <line num="24" count="2" type="stmt"/>
        <line num="25" count="2" type="stmt"/>
        <line num="26" count="2" type="stmt"/>
        <line num="27" count="2" type="stmt"/>
        <line num="28" count="2" type="stmt"/>
        <line num="29" count="2" type="stmt"/>
        <line num="30" count="2" type="stmt"/>
        <line num="31" count="2" type="stmt"/>
      </file>
    </package>
    <package name="src.codegenSpec">
      <metrics statements="2" coveredstatements="2" conditionals="0" coveredconditionals="0" methods="0" coveredmethods="0"/>
      <file name="NativeHapticFeedback.ts" path="/Users/michaelkuczera/projects/react-native-haptic-feedback/src/codegenSpec/NativeHapticFeedback.ts">
        <metrics statements="2" coveredstatements="2" conditionals="0" coveredconditionals="0" methods="0" coveredmethods="0"/>
        <line num="2" count="1" type="stmt"/>
        <line num="19" count="1" type="stmt"/>
      </file>
    </package>
    <package name="src.components">
      <metrics statements="17" coveredstatements="17" conditionals="5" coveredconditionals="5" methods="5" coveredmethods="5"/>
      <file name="TouchableHaptic.tsx" path="/Users/michaelkuczera/projects/react-native-haptic-feedback/src/components/TouchableHaptic.tsx">
        <metrics statements="17" coveredstatements="17" conditionals="5" coveredconditionals="5" methods="5" coveredmethods="5"/>
        <line num="1" count="2" type="stmt"/>
        <line num="2" count="2" type="stmt"/>
        <line num="4" count="2" type="stmt"/>
        <line num="5" count="2" type="stmt"/>
        <line num="14" count="2" type="stmt"/>
        <line num="23" count="11" type="stmt"/>
        <line num="24" count="8" type="stmt"/>
        <line num="27" count="11" type="stmt"/>
        <line num="28" count="6" type="cond" truecount="1" falsecount="0"/>
        <line num="29" count="6" type="stmt"/>
        <line num="32" count="11" type="stmt"/>
        <line num="33" count="3" type="cond" truecount="1" falsecount="0"/>
        <line num="34" count="3" type="stmt"/>
        <line num="37" count="11" type="stmt"/>
        <line num="38" count="2" type="cond" truecount="1" falsecount="0"/>
        <line num="39" count="2" type="stmt"/>
        <line num="42" count="11" type="stmt"/>
      </file>
    </package>
    <package name="src.hooks">
      <metrics statements="10" coveredstatements="10" conditionals="0" coveredconditionals="0" methods="6" coveredmethods="6"/>
      <file name="useHaptics.ts" path="/Users/michaelkuczera/projects/react-native-haptic-feedback/src/hooks/useHaptics.ts">
        <metrics statements="10" coveredstatements="10" conditionals="0" coveredconditionals="0" methods="6" coveredmethods="6"/>
        <line num="1" count="1" type="stmt"/>
        <line num="2" count="1" type="stmt"/>
        <line num="13" count="1" type="stmt"/>
        <line num="14" count="9" type="stmt"/>
        <line num="15" count="9" type="stmt"/>
        <line num="17" count="9" type="stmt"/>
        <line num="22" count="3" type="stmt"/>
        <line num="26" count="1" type="stmt"/>
        <line num="30" count="1" type="stmt"/>
        <line num="34" count="1" type="stmt"/>
      </file>
    </package>
    <package name="src.utils">
      <metrics statements="29" coveredstatements="29" conditionals="8" coveredconditionals="8" methods="2" coveredmethods="2"/>
      <file name="pattern.ts" path="/Users/michaelkuczera/projects/react-native-haptic-feedback/src/utils/pattern.ts">
        <metrics statements="22" coveredstatements="22" conditionals="6" coveredconditionals="6" methods="1" coveredmethods="1"/>
        <line num="4" count="1" type="stmt"/>
        <line num="49" count="1" type="stmt"/>
        <line num="51" count="19" type="stmt"/>
        <line num="52" count="19" type="stmt"/>
        <line num="53" count="52" type="cond" truecount="1" falsecount="0"/>
        <line num="54" count="4" type="stmt"/>
        <line num="59" count="48" type="stmt"/>
        <line num="62" count="15" type="stmt"/>
        <line num="63" count="15" type="stmt"/>
        <line num="65" count="15" type="stmt"/>
        <line num="66" count="45" type="cond" truecount="5" falsecount="0"/>
        <line num="68" count="11" type="stmt"/>
        <line num="69" count="11" type="stmt"/>
        <line num="71" count="19" type="stmt"/>
        <line num="72" count="19" type="stmt"/>
        <line num="74" count="8" type="stmt"/>
        <line num="75" count="8" type="stmt"/>
        <line num="77" count="5" type="stmt"/>
        <line num="78" count="5" type="stmt"/>
        <line num="80" count="2" type="stmt"/>
        <line num="81" count="2" type="stmt"/>
        <line num="85" count="15" type="stmt"/>
      </file>
      <file name="playHaptic.ts" path="/Users/michaelkuczera/projects/react-native-haptic-feedback/src/utils/playHaptic.ts">
        <metrics statements="7" coveredstatements="7" conditionals="2" coveredconditionals="2" methods="1" coveredmethods="1"/>
        <line num="1" count="2" type="stmt"/>
        <line num="2" count="2" type="stmt"/>
        <line num="20" count="2" type="stmt"/>
        <line num="25" count="5" type="cond" truecount="1" falsecount="0"/>
        <line num="26" count="3" type="cond" truecount="1" falsecount="0"/>
        <line num="27" count="1" type="stmt"/>
        <line num="29" count="2" type="stmt"/>
      </file>
    </package>
  </project>
</coverage>
