{"/Users/michaelkuczera/projects/react-native-haptic-feedback/src/hapticFeedback.ts": {"path":"/Users/michaelkuczera/projects/react-native-haptic-feedback/src/hapticFeedback.ts","statementMap":{"0":{"start":{"line":1,"column":0},"end":{"line":1,"column":70}},"1":{"start":{"line":2,"column":0},"end":{"line":2,"column":46}},"2":{"start":{"line":5,"column":48},"end":{"line":8,"column":2}},"3":{"start":{"line":10,"column":15},"end":{"line":10,"column":19}},"4":{"start":{"line":12,"column":25},"end":{"line":92,"column":2}},"5":{"start":{"line":19,"column":4},"end":{"line":19,"column":21}},"6":{"start":{"line":24,"column":4},"end":{"line":24,"column":20}},"7":{"start":{"line":33,"column":4},"end":{"line":33,"column":26}},"8":{"start":{"line":33,"column":19},"end":{"line":33,"column":26}},"9":{"start":{"line":34,"column":4},"end":{"line":38,"column":5}},"10":{"start":{"line":35,"column":6},"end":{"line":35,"column":76}},"11":{"start":{"line":37,"column":6},"end":{"line":37,"column":67}},"12":{"start":{"line":42,"column":4},"end":{"line":46,"column":5}},"13":{"start":{"line":43,"column":6},"end":{"line":43,"column":34}},"14":{"start":{"line":45,"column":6},"end":{"line":45,"column":67}},"15":{"start":{"line":50,"column":4},"end":{"line":54,"column":5}},"16":{"start":{"line":51,"column":6},"end":{"line":51,"column":48}},"17":{"start":{"line":53,"column":6},"end":{"line":53,"column":19}},"18":{"start":{"line":58,"column":4},"end":{"line":58,"column":26}},"19":{"start":{"line":58,"column":19},"end":{"line":58,"column":26}},"20":{"start":{"line":59,"column":4},"end":{"line":63,"column":5}},"21":{"start":{"line":60,"column":6},"end":{"line":60,"column":85}},"22":{"start":{"line":62,"column":6},"end":{"line":62,"column":67}},"23":{"start":{"line":77,"column":4},"end":{"line":77,"column":44}},"24":{"start":{"line":77,"column":19},"end":{"line":77,"column":44}},"25":{"start":{"line":78,"column":4},"end":{"line":82,"column":5}},"26":{"start":{"line":79,"column":6},"end":{"line":79,"column":53}},"27":{"start":{"line":81,"column":6},"end":{"line":81,"column":31}},"28":{"start":{"line":86,"column":4},"end":{"line":90,"column":5}},"29":{"start":{"line":87,"column":6},"end":{"line":87,"column":86}},"30":{"start":{"line":89,"column":6},"end":{"line":89,"column":59}},"31":{"start":{"line":94,"column":0},"end":{"line":94,"column":32}}},"fnMap":{"0":{"name":"(anonymous_1)","decl":{"start":{"line":18,"column":2},"end":{"line":18,"column":12}},"loc":{"start":{"line":18,"column":27},"end":{"line":20,"column":3}}},"1":{"name":"(anonymous_2)","decl":{"start":{"line":23,"column":2},"end":{"line":23,"column":11}},"loc":{"start":{"line":23,"column":11},"end":{"line":25,"column":3}}},"2":{"name":"(anonymous_3)","decl":{"start":{"line":27,"column":2},"end":{"line":27,"column":9}},"loc":{"start":{"line":31,"column":31},"end":{"line":39,"column":3}}},"3":{"name":"(anonymous_4)","decl":{"start":{"line":41,"column":2},"end":{"line":41,"column":6}},"loc":{"start":{"line":41,"column":6},"end":{"line":47,"column":3}}},"4":{"name":"(anonymous_5)","decl":{"start":{"line":49,"column":2},"end":{"line":49,"column":13}},"loc":{"start":{"line":49,"column":13},"end":{"line":55,"column":3}}},"5":{"name":"(anonymous_6)","decl":{"start":{"line":57,"column":2},"end":{"line":57,"column":16}},"loc":{"start":{"line":57,"column":67},"end":{"line":64,"column":3}}},"6":{"name":"(anonymous_7)","decl":{"start":{"line":76,"column":2},"end":{"line":76,"column":10}},"loc":{"start":{"line":76,"column":27},"end":{"line":83,"column":3}}},"7":{"name":"(anonymous_8)","decl":{"start":{"line":85,"column":2},"end":{"line":85,"column":7}},"loc":{"start":{"line":85,"column":29},"end":{"line":91,"column":3}}}},"branchMap":{"0":{"loc":{"start":{"line":28,"column":4},"end":{"line":30,"column":59}},"type":"default-arg","locations":[{"start":{"line":30,"column":30},"end":{"line":30,"column":59}}]},"1":{"loc":{"start":{"line":31,"column":4},"end":{"line":31,"column":31}},"type":"default-arg","locations":[{"start":{"line":31,"column":29},"end":{"line":31,"column":31}}]},"2":{"loc":{"start":{"line":33,"column":4},"end":{"line":33,"column":26}},"type":"if","locations":[{"start":{"line":33,"column":4},"end":{"line":33,"column":26}}]},"3":{"loc":{"start":{"line":57,"column":40},"end":{"line":57,"column":67}},"type":"default-arg","locations":[{"start":{"line":57,"column":65},"end":{"line":57,"column":67}}]},"4":{"loc":{"start":{"line":58,"column":4},"end":{"line":58,"column":26}},"type":"if","locations":[{"start":{"line":58,"column":4},"end":{"line":58,"column":26}}]},"5":{"loc":{"start":{"line":77,"column":4},"end":{"line":77,"column":44}},"type":"if","locations":[{"start":{"line":77,"column":4},"end":{"line":77,"column":44}}]}},"s":{"0":1,"1":1,"2":1,"3":1,"4":1,"5":22,"6":3,"7":10,"8":1,"9":9,"10":9,"11":1,"12":4,"13":4,"14":1,"15":5,"16":5,"17":1,"18":5,"19":1,"20":4,"21":4,"22":1,"23":4,"24":1,"25":3,"26":3,"27":1,"28":3,"29":3,"30":1,"31":1},"f":{"0":22,"1":3,"2":10,"3":4,"4":5,"5":5,"6":4,"7":3},"b":{"0":[0],"1":[6],"2":[1],"3":[3],"4":[1],"5":[1]}}
,"/Users/michaelkuczera/projects/react-native-haptic-feedback/src/index.ts": {"path":"/Users/michaelkuczera/projects/react-native-haptic-feedback/src/index.ts","statementMap":{"0":{"start":{"line":1,"column":0},"end":{"line":1,"column":48}},"1":{"start":{"line":2,"column":0},"end":{"line":2,"column":9}},"2":{"start":{"line":8,"column":9},"end":{"line":2,"column":42}},"3":{"start":{"line":4,"column":0},"end":{"line":4,"column":9}},"4":{"start":{"line":4,"column":9},"end":{"line":4,"column":48}},"5":{"start":{"line":5,"column":0},"end":{"line":5,"column":9}},"6":{"start":{"line":5,"column":9},"end":{"line":5,"column":37}},"7":{"start":{"line":7,"column":0},"end":{"line":7,"column":24}},"8":{"start":{"line":9,"column":0},"end":{"line":9,"column":9}},"9":{"start":{"line":9,"column":9},"end":{"line":9,"column":48}},"10":{"start":{"line":11,"column":0},"end":{"line":11,"column":9}},"11":{"start":{"line":11,"column":9},"end":{"line":11,"column":48}},"12":{"start":{"line":12,"column":0},"end":{"line":12,"column":9}},"13":{"start":{"line":12,"column":9},"end":{"line":12,"column":63}},"14":{"start":{"line":14,"column":15},"end":{"line":14,"column":125}},"15":{"start":{"line":16,"column":15},"end":{"line":16,"column":45}},"16":{"start":{"line":17,"column":0},"end":{"line":17,"column":32}}},"fnMap":{"0":{"name":"(anonymous_5)","decl":{"start":{"line":8,"column":9},"end":{"line":8,"column":16}},"loc":{"start":{"line":8,"column":9},"end":{"line":2,"column":42}}},"1":{"name":"(anonymous_6)","decl":{"start":{"line":4,"column":9},"end":{"line":4,"column":19}},"loc":{"start":{"line":4,"column":9},"end":{"line":4,"column":48}}},"2":{"name":"(anonymous_7)","decl":{"start":{"line":5,"column":9},"end":{"line":5,"column":17}},"loc":{"start":{"line":5,"column":9},"end":{"line":5,"column":37}}},"3":{"name":"(anonymous_8)","decl":{"start":{"line":9,"column":9},"end":{"line":9,"column":22}},"loc":{"start":{"line":9,"column":9},"end":{"line":9,"column":48}}},"4":{"name":"(anonymous_9)","decl":{"start":{"line":11,"column":9},"end":{"line":11,"column":19}},"loc":{"start":{"line":11,"column":9},"end":{"line":11,"column":48}}},"5":{"name":"(anonymous_10)","decl":{"start":{"line":12,"column":9},"end":{"line":12,"column":24}},"loc":{"start":{"line":12,"column":9},"end":{"line":12,"column":63}}}},"branchMap":{},"s":{"0":1,"1":1,"2":1,"3":1,"4":10,"5":1,"6":1,"7":1,"8":1,"9":1,"10":1,"11":1,"12":1,"13":1,"14":1,"15":1,"16":1},"f":{"0":0,"1":9,"2":0,"3":0,"4":0,"5":0},"b":{}}
,"/Users/michaelkuczera/projects/react-native-haptic-feedback/src/presets.ts": {"path":"/Users/michaelkuczera/projects/react-native-haptic-feedback/src/presets.ts","statementMap":{"0":{"start":{"line":1,"column":0},"end":{"line":1,"column":42}},"1":{"start":{"line":17,"column":13},"end":{"line":35,"column":2}}},"fnMap":{},"branchMap":{},"s":{"0":1,"1":1},"f":{},"b":{}}
,"/Users/michaelkuczera/projects/react-native-haptic-feedback/src/types.ts": {"path":"/Users/michaelkuczera/projects/react-native-haptic-feedback/src/types.ts","statementMap":{"0":{"start":{"line":1,"column":0},"end":{"line":1,"column":null}},"1":{"start":{"line":2,"column":2},"end":{"line":2,"column":null}},"2":{"start":{"line":3,"column":2},"end":{"line":3,"column":null}},"3":{"start":{"line":4,"column":2},"end":{"line":4,"column":null}},"4":{"start":{"line":5,"column":2},"end":{"line":5,"column":null}},"5":{"start":{"line":6,"column":2},"end":{"line":6,"column":null}},"6":{"start":{"line":7,"column":2},"end":{"line":7,"column":null}},"7":{"start":{"line":8,"column":2},"end":{"line":8,"column":null}},"8":{"start":{"line":9,"column":2},"end":{"line":9,"column":null}},"9":{"start":{"line":10,"column":2},"end":{"line":10,"column":null}},"10":{"start":{"line":11,"column":2},"end":{"line":11,"column":null}},"11":{"start":{"line":12,"column":2},"end":{"line":12,"column":null}},"12":{"start":{"line":13,"column":2},"end":{"line":13,"column":null}},"13":{"start":{"line":14,"column":2},"end":{"line":14,"column":null}},"14":{"start":{"line":15,"column":2},"end":{"line":15,"column":null}},"15":{"start":{"line":16,"column":2},"end":{"line":16,"column":null}},"16":{"start":{"line":17,"column":2},"end":{"line":17,"column":null}},"17":{"start":{"line":18,"column":2},"end":{"line":18,"column":null}},"18":{"start":{"line":19,"column":2},"end":{"line":19,"column":null}},"19":{"start":{"line":20,"column":2},"end":{"line":20,"column":null}},"20":{"start":{"line":21,"column":2},"end":{"line":21,"column":null}},"21":{"start":{"line":22,"column":2},"end":{"line":22,"column":null}},"22":{"start":{"line":23,"column":2},"end":{"line":23,"column":null}},"23":{"start":{"line":24,"column":2},"end":{"line":24,"column":null}},"24":{"start":{"line":25,"column":2},"end":{"line":25,"column":null}},"25":{"start":{"line":26,"column":2},"end":{"line":26,"column":null}},"26":{"start":{"line":27,"column":2},"end":{"line":27,"column":null}},"27":{"start":{"line":28,"column":2},"end":{"line":28,"column":null}},"28":{"start":{"line":29,"column":2},"end":{"line":29,"column":null}},"29":{"start":{"line":30,"column":2},"end":{"line":30,"column":null}},"30":{"start":{"line":31,"column":2},"end":{"line":31,"column":null}}},"fnMap":{"0":{"name":"(anonymous_0)","decl":{"start":{"line":1,"column":0},"end":{"line":1,"column":12}},"loc":{"start":{"line":1,"column":31},"end":{"line":32,"column":1}}}},"branchMap":{"0":{"loc":{"start":{"line":1,"column":12},"end":{"line":1,"column":null}},"type":"binary-expr","locations":[{"start":{"line":1,"column":12},"end":{"line":1,"column":31}},{"start":{"line":1,"column":31},"end":{"line":1,"column":null}}]}},"s":{"0":2,"1":2,"2":2,"3":2,"4":2,"5":2,"6":2,"7":2,"8":2,"9":2,"10":2,"11":2,"12":2,"13":2,"14":2,"15":2,"16":2,"17":2,"18":2,"19":2,"20":2,"21":2,"22":2,"23":2,"24":2,"25":2,"26":2,"27":2,"28":2,"29":2,"30":2},"f":{"0":2},"b":{"0":[2,2]}}
,"/Users/michaelkuczera/projects/react-native-haptic-feedback/src/codegenSpec/NativeHapticFeedback.ts": {"path":"/Users/michaelkuczera/projects/react-native-haptic-feedback/src/codegenSpec/NativeHapticFeedback.ts","statementMap":{"0":{"start":{"line":2,"column":0},"end":{"line":2,"column":51}},"1":{"start":{"line":19,"column":0},"end":{"line":19,"column":74}}},"fnMap":{},"branchMap":{},"s":{"0":1,"1":1},"f":{},"b":{}}
,"/Users/michaelkuczera/projects/react-native-haptic-feedback/src/components/TouchableHaptic.tsx": {"path":"/Users/michaelkuczera/projects/react-native-haptic-feedback/src/components/TouchableHaptic.tsx","statementMap":{"0":{"start":{"line":14,"column":0},"end":{"line":14,"column":16}},"1":{"start":{"line":1,"column":0},"end":{"line":1,"column":36}},"2":{"start":{"line":2,"column":0},"end":{"line":2,"column":41}},"3":{"start":{"line":4,"column":0},"end":{"line":4,"column":49}},"4":{"start":{"line":5,"column":0},"end":{"line":5,"column":47}},"5":{"start":{"line":23,"column":21},"end":{"line":25,"column":33}},"6":{"start":{"line":24,"column":4},"end":{"line":24,"column":56}},"7":{"start":{"line":27,"column":24},"end":{"line":30,"column":44}},"8":{"start":{"line":28,"column":4},"end":{"line":28,"column":52}},"9":{"start":{"line":28,"column":39},"end":{"line":28,"column":52}},"10":{"start":{"line":29,"column":4},"end":{"line":29,"column":19}},"11":{"start":{"line":32,"column":22},"end":{"line":35,"column":42}},"12":{"start":{"line":33,"column":4},"end":{"line":33,"column":50}},"13":{"start":{"line":33,"column":37},"end":{"line":33,"column":50}},"14":{"start":{"line":34,"column":4},"end":{"line":34,"column":17}},"15":{"start":{"line":37,"column":26},"end":{"line":40,"column":46}},"16":{"start":{"line":38,"column":4},"end":{"line":38,"column":54}},"17":{"start":{"line":38,"column":41},"end":{"line":38,"column":54}},"18":{"start":{"line":39,"column":4},"end":{"line":39,"column":21}},"19":{"start":{"line":42,"column":2},"end":{"line":49,"column":4}}},"fnMap":{"0":{"name":"TouchableHaptic","decl":{"start":{"line":14,"column":16},"end":{"line":14,"column":31}},"loc":{"start":{"line":22,"column":23},"end":{"line":50,"column":1}}},"1":{"name":"(anonymous_2)","decl":{"start":{"line":23,"column":33},"end":{"line":23,"column":36}},"loc":{"start":{"line":23,"column":38},"end":{"line":25,"column":3}}},"2":{"name":"(anonymous_3)","decl":{"start":{"line":27,"column":36},"end":{"line":27,"column":37}},"loc":{"start":{"line":27,"column":65},"end":{"line":30,"column":3}}},"3":{"name":"(anonymous_4)","decl":{"start":{"line":32,"column":34},"end":{"line":32,"column":35}},"loc":{"start":{"line":32,"column":63},"end":{"line":35,"column":3}}},"4":{"name":"(anonymous_5)","decl":{"start":{"line":37,"column":38},"end":{"line":37,"column":39}},"loc":{"start":{"line":37,"column":67},"end":{"line":40,"column":3}}}},"branchMap":{"0":{"loc":{"start":{"line":15,"column":2},"end":{"line":15,"column":47}},"type":"default-arg","locations":[{"start":{"line":15,"column":15},"end":{"line":15,"column":47}}]},"1":{"loc":{"start":{"line":16,"column":2},"end":{"line":16,"column":29}},"type":"default-arg","locations":[{"start":{"line":16,"column":18},"end":{"line":16,"column":29}}]},"2":{"loc":{"start":{"line":28,"column":4},"end":{"line":28,"column":52}},"type":"if","locations":[{"start":{"line":28,"column":4},"end":{"line":28,"column":52}}]},"3":{"loc":{"start":{"line":33,"column":4},"end":{"line":33,"column":50}},"type":"if","locations":[{"start":{"line":33,"column":4},"end":{"line":33,"column":50}}]},"4":{"loc":{"start":{"line":38,"column":4},"end":{"line":38,"column":54}},"type":"if","locations":[{"start":{"line":38,"column":4},"end":{"line":38,"column":54}}]}},"s":{"0":2,"1":2,"2":2,"3":2,"4":2,"5":11,"6":8,"7":11,"8":6,"9":4,"10":6,"11":11,"12":3,"13":2,"14":3,"15":11,"16":2,"17":2,"18":2,"19":11},"f":{"0":11,"1":8,"2":6,"3":3,"4":2},"b":{"0":[5],"1":[4],"2":[4],"3":[2],"4":[2]}}
,"/Users/michaelkuczera/projects/react-native-haptic-feedback/src/hooks/useHaptics.ts": {"path":"/Users/michaelkuczera/projects/react-native-haptic-feedback/src/hooks/useHaptics.ts","statementMap":{"0":{"start":{"line":13,"column":0},"end":{"line":13,"column":16}},"1":{"start":{"line":1,"column":0},"end":{"line":1,"column":32}},"2":{"start":{"line":2,"column":0},"end":{"line":2,"column":49}},"3":{"start":{"line":14,"column":32},"end":{"line":14,"column":69}},"4":{"start":{"line":15,"column":38},"end":{"line":15,"column":81}},"5":{"start":{"line":17,"column":2},"end":{"line":43,"column":60}},"6":{"start":{"line":17,"column":24},"end":{"line":43,"column":4}},"7":{"start":{"line":22,"column":6},"end":{"line":22,"column":69}},"8":{"start":{"line":26,"column":6},"end":{"line":26,"column":78}},"9":{"start":{"line":30,"column":6},"end":{"line":30,"column":30}},"10":{"start":{"line":34,"column":6},"end":{"line":34,"column":44}}},"fnMap":{"0":{"name":"useHaptics","decl":{"start":{"line":13,"column":16},"end":{"line":13,"column":26}},"loc":{"start":{"line":13,"column":57},"end":{"line":44,"column":1}}},"1":{"name":"(anonymous_2)","decl":{"start":{"line":17,"column":17},"end":{"line":17,"column":20}},"loc":{"start":{"line":17,"column":24},"end":{"line":43,"column":4}}},"2":{"name":"(anonymous_3)","decl":{"start":{"line":18,"column":4},"end":{"line":18,"column":11}},"loc":{"start":{"line":20,"column":26},"end":{"line":23,"column":5}}},"3":{"name":"(anonymous_4)","decl":{"start":{"line":25,"column":4},"end":{"line":25,"column":18}},"loc":{"start":{"line":25,"column":62},"end":{"line":27,"column":5}}},"4":{"name":"(anonymous_5)","decl":{"start":{"line":29,"column":4},"end":{"line":29,"column":8}},"loc":{"start":{"line":29,"column":8},"end":{"line":31,"column":5}}},"5":{"name":"(anonymous_6)","decl":{"start":{"line":33,"column":4},"end":{"line":33,"column":15}},"loc":{"start":{"line":33,"column":15},"end":{"line":35,"column":5}}}},"branchMap":{},"s":{"0":1,"1":1,"2":1,"3":9,"4":9,"5":9,"6":9,"7":3,"8":1,"9":1,"10":1},"f":{"0":9,"1":9,"2":3,"3":1,"4":1,"5":1},"b":{}}
,"/Users/michaelkuczera/projects/react-native-haptic-feedback/src/utils/pattern.ts": {"path":"/Users/michaelkuczera/projects/react-native-haptic-feedback/src/utils/pattern.ts","statementMap":{"0":{"start":{"line":49,"column":0},"end":{"line":49,"column":16}},"1":{"start":{"line":4,"column":13},"end":{"line":4,"column":90}},"2":{"start":{"line":51,"column":12},"end":{"line":51,"column":13}},"3":{"start":{"line":52,"column":2},"end":{"line":60,"column":3}},"4":{"start":{"line":53,"column":4},"end":{"line":58,"column":5}},"5":{"start":{"line":54,"column":6},"end":{"line":57,"column":8}},"6":{"start":{"line":59,"column":4},"end":{"line":59,"column":10}},"7":{"start":{"line":62,"column":32},"end":{"line":62,"column":34}},"8":{"start":{"line":63,"column":15},"end":{"line":63,"column":16}},"9":{"start":{"line":65,"column":2},"end":{"line":83,"column":3}},"10":{"start":{"line":66,"column":4},"end":{"line":82,"column":5}},"11":{"start":{"line":68,"column":8},"end":{"line":68,"column":89}},"12":{"start":{"line":69,"column":8},"end":{"line":69,"column":14}},"13":{"start":{"line":71,"column":8},"end":{"line":71,"column":89}},"14":{"start":{"line":72,"column":8},"end":{"line":72,"column":14}},"15":{"start":{"line":74,"column":8},"end":{"line":74,"column":22}},"16":{"start":{"line":75,"column":8},"end":{"line":75,"column":14}},"17":{"start":{"line":77,"column":8},"end":{"line":77,"column":22}},"18":{"start":{"line":78,"column":8},"end":{"line":78,"column":14}},"19":{"start":{"line":80,"column":8},"end":{"line":80,"column":23}},"20":{"start":{"line":81,"column":8},"end":{"line":81,"column":14}},"21":{"start":{"line":85,"column":2},"end":{"line":85,"column":16}}},"fnMap":{"0":{"name":"pattern","decl":{"start":{"line":49,"column":16},"end":{"line":49,"column":23}},"loc":{"start":{"line":49,"column":77},"end":{"line":86,"column":1}}}},"branchMap":{"0":{"loc":{"start":{"line":53,"column":4},"end":{"line":58,"column":5}},"type":"if","locations":[{"start":{"line":53,"column":4},"end":{"line":58,"column":5}}]},"1":{"loc":{"start":{"line":66,"column":4},"end":{"line":82,"column":5}},"type":"switch","locations":[{"start":{"line":67,"column":6},"end":{"line":69,"column":14}},{"start":{"line":70,"column":6},"end":{"line":72,"column":14}},{"start":{"line":73,"column":6},"end":{"line":75,"column":14}},{"start":{"line":76,"column":6},"end":{"line":78,"column":14}},{"start":{"line":79,"column":6},"end":{"line":81,"column":14}}]}},"s":{"0":1,"1":1,"2":19,"3":19,"4":52,"5":4,"6":48,"7":15,"8":15,"9":15,"10":45,"11":11,"12":11,"13":19,"14":19,"15":8,"16":8,"17":5,"18":5,"19":2,"20":2,"21":15},"f":{"0":19},"b":{"0":[4],"1":[11,19,8,5,2]}}
,"/Users/michaelkuczera/projects/react-native-haptic-feedback/src/utils/playHaptic.ts": {"path":"/Users/michaelkuczera/projects/react-native-haptic-feedback/src/utils/playHaptic.ts","statementMap":{"0":{"start":{"line":20,"column":0},"end":{"line":20,"column":7}},"1":{"start":{"line":1,"column":0},"end":{"line":1,"column":40}},"2":{"start":{"line":2,"column":0},"end":{"line":2,"column":49}},"3":{"start":{"line":25,"column":2},"end":{"line":25,"column":44}},"4":{"start":{"line":25,"column":37},"end":{"line":25,"column":44}},"5":{"start":{"line":26,"column":2},"end":{"line":28,"column":3}},"6":{"start":{"line":27,"column":4},"end":{"line":27,"column":47}},"7":{"start":{"line":29,"column":2},"end":{"line":29,"column":53}}},"fnMap":{"0":{"name":"playHaptic","decl":{"start":{"line":20,"column":22},"end":{"line":20,"column":32}},"loc":{"start":{"line":23,"column":25},"end":{"line":30,"column":1}}}},"branchMap":{"0":{"loc":{"start":{"line":25,"column":2},"end":{"line":25,"column":44}},"type":"if","locations":[{"start":{"line":25,"column":2},"end":{"line":25,"column":44}}]},"1":{"loc":{"start":{"line":26,"column":2},"end":{"line":28,"column":3}},"type":"if","locations":[{"start":{"line":26,"column":2},"end":{"line":28,"column":3}}]}},"s":{"0":2,"1":2,"2":2,"3":5,"4":2,"5":3,"6":1,"7":2},"f":{"0":5},"b":{"0":[2],"1":[1]}}
}
