TN:
SF:src/hapticFeedback.ts
FN:18,(anonymous_1)
FN:23,(anonymous_2)
FN:27,(anonymous_3)
FN:41,(anonymous_4)
FN:49,(anonymous_5)
FN:57,(anonymous_6)
FN:76,(anonymous_7)
FN:85,(anonymous_8)
FNF:8
FNH:8
FNDA:22,(anonymous_1)
FNDA:3,(anonymous_2)
FNDA:10,(anonymous_3)
FNDA:4,(anonymous_4)
FNDA:5,(anonymous_5)
FNDA:5,(anonymous_6)
FNDA:4,(anonymous_7)
FNDA:3,(anonymous_8)
DA:1,1
DA:2,1
DA:5,1
DA:10,1
DA:12,1
DA:19,22
DA:24,3
DA:33,10
DA:34,9
DA:35,9
DA:37,1
DA:42,4
DA:43,4
DA:45,1
DA:50,5
DA:51,5
DA:53,1
DA:58,5
DA:59,4
DA:60,4
DA:62,1
DA:77,4
DA:78,3
DA:79,3
DA:81,1
DA:86,3
DA:87,3
DA:89,1
DA:94,1
LF:29
LH:29
BRDA:28,0,0,0
BRDA:31,1,0,6
BRDA:33,2,0,1
BRDA:57,3,0,3
BRDA:58,4,0,1
BRDA:77,5,0,1
BRF:6
BRH:5
end_of_record
TN:
SF:src/index.ts
FN:8,(anonymous_5)
FN:4,(anonymous_6)
FN:5,(anonymous_7)
FN:9,(anonymous_8)
FN:11,(anonymous_9)
FN:12,(anonymous_10)
FNF:6
FNH:1
FNDA:0,(anonymous_5)
FNDA:9,(anonymous_6)
FNDA:0,(anonymous_7)
FNDA:0,(anonymous_8)
FNDA:0,(anonymous_9)
FNDA:0,(anonymous_10)
DA:1,1
DA:2,1
DA:4,10
DA:5,1
DA:7,1
DA:8,1
DA:9,1
DA:11,1
DA:12,1
DA:14,1
DA:16,1
DA:17,1
LF:12
LH:12
BRF:0
BRH:0
end_of_record
TN:
SF:src/presets.ts
FNF:0
FNH:0
DA:1,1
DA:17,1
LF:2
LH:2
BRF:0
BRH:0
end_of_record
TN:
SF:src/types.ts
FN:1,(anonymous_0)
FNF:1
FNH:1
FNDA:2,(anonymous_0)
DA:1,2
DA:2,2
DA:3,2
DA:4,2
DA:5,2
DA:6,2
DA:7,2
DA:8,2
DA:9,2
DA:10,2
DA:11,2
DA:12,2
DA:13,2
DA:14,2
DA:15,2
DA:16,2
DA:17,2
DA:18,2
DA:19,2
DA:20,2
DA:21,2
DA:22,2
DA:23,2
DA:24,2
DA:25,2
DA:26,2
DA:27,2
DA:28,2
DA:29,2
DA:30,2
DA:31,2
LF:31
LH:31
BRDA:1,0,0,2
BRDA:1,0,1,2
BRF:2
BRH:2
end_of_record
TN:
SF:src/codegenSpec/NativeHapticFeedback.ts
FNF:0
FNH:0
DA:2,1
DA:19,1
LF:2
LH:2
BRF:0
BRH:0
end_of_record
TN:
SF:src/components/TouchableHaptic.tsx
FN:14,TouchableHaptic
FN:23,(anonymous_2)
FN:27,(anonymous_3)
FN:32,(anonymous_4)
FN:37,(anonymous_5)
FNF:5
FNH:5
FNDA:11,TouchableHaptic
FNDA:8,(anonymous_2)
FNDA:6,(anonymous_3)
FNDA:3,(anonymous_4)
FNDA:2,(anonymous_5)
DA:1,2
DA:2,2
DA:4,2
DA:5,2
DA:14,2
DA:23,11
DA:24,8
DA:27,11
DA:28,6
DA:29,6
DA:32,11
DA:33,3
DA:34,3
DA:37,11
DA:38,2
DA:39,2
DA:42,11
LF:17
LH:17
BRDA:15,0,0,5
BRDA:16,1,0,4
BRDA:28,2,0,4
BRDA:33,3,0,2
BRDA:38,4,0,2
BRF:5
BRH:5
end_of_record
TN:
SF:src/hooks/useHaptics.ts
FN:13,useHaptics
FN:17,(anonymous_2)
FN:18,(anonymous_3)
FN:25,(anonymous_4)
FN:29,(anonymous_5)
FN:33,(anonymous_6)
FNF:6
FNH:6
FNDA:9,useHaptics
FNDA:9,(anonymous_2)
FNDA:3,(anonymous_3)
FNDA:1,(anonymous_4)
FNDA:1,(anonymous_5)
FNDA:1,(anonymous_6)
DA:1,1
DA:2,1
DA:13,1
DA:14,9
DA:15,9
DA:17,9
DA:22,3
DA:26,1
DA:30,1
DA:34,1
LF:10
LH:10
BRF:0
BRH:0
end_of_record
TN:
SF:src/utils/pattern.ts
FN:49,pattern
FNF:1
FNH:1
FNDA:19,pattern
DA:4,1
DA:49,1
DA:51,19
DA:52,19
DA:53,52
DA:54,4
DA:59,48
DA:62,15
DA:63,15
DA:65,15
DA:66,45
DA:68,11
DA:69,11
DA:71,19
DA:72,19
DA:74,8
DA:75,8
DA:77,5
DA:78,5
DA:80,2
DA:81,2
DA:85,15
LF:22
LH:22
BRDA:53,0,0,4
BRDA:66,1,0,11
BRDA:66,1,1,19
BRDA:66,1,2,8
BRDA:66,1,3,5
BRDA:66,1,4,2
BRF:6
BRH:6
end_of_record
TN:
SF:src/utils/playHaptic.ts
FN:20,playHaptic
FNF:1
FNH:1
FNDA:5,playHaptic
DA:1,2
DA:2,2
DA:20,2
DA:25,5
DA:26,3
DA:27,1
DA:29,2
LF:7
LH:7
BRDA:25,0,0,2
BRDA:26,1,0,1
BRF:2
BRH:2
end_of_record
